<?xml version="1.0" encoding="UTF-8"?>
<!-- Generated by org.testng.reporters.JUnitReportReporter -->
<testsuite skipped="0" hostname="LAPTOP-RKQUPA26" name="pack1.TC01" tests="1" failures="0" timestamp="16 Mar 2020 13:12:44 GMT" time="0.023" errors="0">
  <testcase name="method1" time="0.023" classname="pack1.TC01"/>
</testsuite> <!-- pack1.TC01 -->
